<?xml version="1.0" encoding="UTF-8"?>
<testng-results ignored="0" total="1" passed="1" failed="0" skipped="0">
  <reporter-output>
  </reporter-output>
  <suite started-at="2022-11-01T15:10:38 CET" name="BankingSuite" finished-at="2022-11-01T15:10:45 CET" duration-ms="6331">
    <groups>
    </groups>
    <test started-at="2022-11-01T15:10:38 CET" name="BankingApp Test" finished-at="2022-11-01T15:10:45 CET" duration-ms="6331">
      <class name="com.banking.testCases.TC_LoginTest_001">
        <test-method is-config="true" signature="setup(java.lang.String)[pri:0, instance:com.banking.testCases.TC_LoginTest_001@5386659f]" started-at="2022-11-01T15:10:39 CET" name="setup" finished-at="2022-11-01T15:10:44 CET" duration-ms="5132" status="PASS">
          <params>
            <param index="0">
              <value>
                <![CDATA[chrome]]>
              </value>
            </param>
          </params>
          <reporter-output>
          </reporter-output>
        </test-method> <!-- setup -->
        <test-method signature="loginTest()[pri:0, instance:com.banking.testCases.TC_LoginTest_001@5386659f]" started-at="2022-11-01T15:10:44 CET" name="loginTest" finished-at="2022-11-01T15:10:45 CET" duration-ms="857" status="PASS">
          <reporter-output>
          </reporter-output>
        </test-method> <!-- loginTest -->
        <test-method is-config="true" signature="ScreenshotCapture(org.testng.ITestResult)[pri:0, instance:com.banking.testCases.TC_LoginTest_001@5386659f]" started-at="2022-11-01T15:10:45 CET" name="ScreenshotCapture" finished-at="2022-11-01T15:10:45 CET" duration-ms="1" status="PASS">
          <params>
            <param index="0">
              <value>
                <![CDATA[[TestResult name=loginTest status=SUCCESS method=TC_LoginTest_001.loginTest()[pri:0, instance:com.banking.testCases.TC_LoginTest_001@5386659f] output={null}]]]>
              </value>
            </param>
          </params>
          <reporter-output>
          </reporter-output>
        </test-method> <!-- ScreenshotCapture -->
        <test-method is-config="true" signature="tearDown()[pri:0, instance:com.banking.testCases.TC_LoginTest_001@5386659f]" started-at="2022-11-01T15:10:45 CET" name="tearDown" finished-at="2022-11-01T15:10:45 CET" duration-ms="105" status="PASS">
          <reporter-output>
          </reporter-output>
        </test-method> <!-- tearDown -->
      </class> <!-- com.banking.testCases.TC_LoginTest_001 -->
    </test> <!-- BankingApp Test -->
  </suite> <!-- BankingSuite -->
</testng-results>
